<?xml version="1.0" encoding="UTF-8"?>
<robot generator="Robot 3.1.2 (Python 3.7.4 on win32)" generated="20200428 18:36:02.799" rpa="false">
<suite id="s1" name="Tests" source="C:\Users\san\PycharmProjects\Practice\tests">
<suite id="s1-s1" name="Prac" source="C:\Users\san\PycharmProjects\Practice\tests\Prac.robot">
<test id="s1-s1-t1" name="Test Case 1">
<kw name="Do Something" library="keywords">
<kw name="Log" library="BuiltIn">
<doc>Logs the given message with the given level.</doc>
<arguments>
<arg>i am doing something</arg>
</arguments>
<msg timestamp="20200428 18:36:02.889" level="INFO">i am doing something</msg>
<status status="PASS" starttime="20200428 18:36:02.879" endtime="20200428 18:36:02.889"></status>
</kw>
<status status="PASS" starttime="20200428 18:36:02.879" endtime="20200428 18:36:02.889"></status>
</kw>
<kw name="Do Something else" library="keywords">
<kw name="Log" library="BuiltIn">
<doc>Logs the given message with the given level.</doc>
<arguments>
<arg>i am doing something else</arg>
</arguments>
<msg timestamp="20200428 18:36:02.889" level="INFO">i am doing something else</msg>
<status status="PASS" starttime="20200428 18:36:02.889" endtime="20200428 18:36:02.889"></status>
</kw>
<status status="PASS" starttime="20200428 18:36:02.889" endtime="20200428 18:36:02.889"></status>
</kw>
<doc>this is my first test case</doc>
<tags>
<tag>Smoke</tag>
</tags>
<status status="PASS" starttime="20200428 18:36:02.879" endtime="20200428 18:36:02.889" critical="yes"></status>
</test>
<status status="PASS" starttime="20200428 18:36:02.869" endtime="20200428 18:36:02.929"></status>
</suite>
<status status="PASS" starttime="20200428 18:36:02.809" endtime="20200428 18:36:02.939"></status>
</suite>
<statistics>
<total>
<stat pass="1" fail="0">Critical Tests</stat>
<stat pass="1" fail="0">All Tests</stat>
</total>
<tag>
<stat pass="1" fail="0">Smoke</stat>
</tag>
<suite>
<stat pass="1" fail="0" id="s1" name="Tests">Tests</stat>
<stat pass="1" fail="0" id="s1-s1" name="Prac">Tests.Prac</stat>
</suite>
</statistics>
<errors>
</errors>
</robot>
