<?xml version="1.0" encoding="UTF-8"?>
<robot generator="Robot 3.2.1 (Python 3.7.4 on win32)" generated="20200516 21:21:17.715" rpa="false">
<suite id="s1" name="Test" source="C:\Users\san\PycharmProjects\Assessment\tests\test.robot">
<test id="s1-t1" name="TC001: Login to Demo Site">
<kw name="Open Browser" library="SeleniumLibrary">
<doc>Opens a new browser instance to the optional ``url``.</doc>
<arguments>
<arg>${url}</arg>
<arg>${browser}</arg>
</arguments>
<msg timestamp="20200516 21:21:18.187" level="INFO">Opening browser 'chrome' to base url 'https://www.google.com'.</msg>
<status status="PASS" starttime="20200516 21:21:18.187" endtime="20200516 21:21:24.718"></status>
</kw>
<kw name="Login">
<kw name="Maximize Browser Window" library="SeleniumLibrary">
<doc>Maximizes current browser window.</doc>
<status status="PASS" starttime="20200516 21:21:24.720" endtime="20200516 21:21:25.849"></status>
</kw>
<kw name="Page Should Contain Image" library="SeleniumLibrary">
<doc>Verifies image identified by ``locator`` is found from current page.</doc>
<arguments>
<arg>xpath://div[@class='header-logo']//a//img</arg>
<arg>image found</arg>
</arguments>
<kw name="Capture Page Screenshot" library="SeleniumLibrary">
<doc>Takes a screenshot of the current page and embeds it into a log file.</doc>
<msg timestamp="20200516 21:21:26.354" level="INFO" html="yes">&lt;/td&gt;&lt;/tr&gt;&lt;tr&gt;&lt;td colspan="3"&gt;&lt;a href="selenium-screenshot-8.png"&gt;&lt;img src="selenium-screenshot-8.png" width="800px"&gt;&lt;/a&gt;</msg>
<status status="PASS" starttime="20200516 21:21:25.970" endtime="20200516 21:21:26.354"></status>
</kw>
<msg timestamp="20200516 21:21:26.414" level="FAIL">image found</msg>
<status status="FAIL" starttime="20200516 21:21:25.849" endtime="20200516 21:21:26.414"></status>
</kw>
<status status="FAIL" starttime="20200516 21:21:24.719" endtime="20200516 21:21:26.414"></status>
</kw>
<status status="FAIL" starttime="20200516 21:21:18.187" endtime="20200516 21:21:26.414" critical="yes">image found</status>
</test>
<status status="FAIL" starttime="20200516 21:21:17.725" endtime="20200516 21:21:26.414"></status>
</suite>
<statistics>
<total>
<stat pass="0" fail="1">Critical Tests</stat>
<stat pass="0" fail="1">All Tests</stat>
</total>
<tag>
</tag>
<suite>
<stat pass="0" fail="1" id="s1" name="Test">Test</stat>
</suite>
</statistics>
<errors>
</errors>
</robot>
