<?xml version="1.0" encoding="UTF-8"?>
<robot generator="Robot 3.1.2 (Python 3.7.4 on win32)" generated="20200510 19:37:35.763" rpa="false">
<suite id="s1" name="Databasetesting" source="C:\Users\san\PycharmProjects\Assessment\tests\databasetesting.robot">
<kw name="Connect To Database" library="DatabaseLibrary" type="setup">
<doc>Loads the DB API 2.0 module given `dbapiModuleName` then uses it to
connect to the database using `dbName`, `dbUsername`, and `dbPassword`.</doc>
<arguments>
<arg>${dbapiModuleName}</arg>
<arg>${dbName}</arg>
<arg>${dbUserName}</arg>
<arg>${dbPassword}</arg>
<arg>${dbHost}</arg>
<arg>${dbPort}</arg>
</arguments>
<msg timestamp="20200510 19:37:35.904" level="INFO">Connecting using : pymysql.connect(db=database1, user=root, passwd=root, host=127.0.0.1, port=3306, charset=None) </msg>
<status status="PASS" starttime="20200510 19:37:35.865" endtime="20200510 19:37:35.960"></status>
</kw>
<test id="s1-t1" name="TC009 - retrive table">
<kw name="Query" library="DatabaseLibrary">
<doc>Uses the input `selectStatement` to query for the values that will be returned as a list of tuples. Set optional
input `sansTran` to True to run command without an explicit transaction commit or rollback.
Set optional input `returnAsDict` to True to return values as a list of dictionaries.</doc>
<arguments>
<arg>select * from database1.emp1;</arg>
</arguments>
<assign>
<var>${result}</var>
</assign>
<msg timestamp="20200510 19:37:35.963" level="INFO">Executing : Query  |  select * from database1.emp1; </msg>
<msg timestamp="20200510 19:37:35.991" level="INFO">${result} = ((1, 'Sandeep', 'Bhutkar'), (2, 'Sandeep2', 'Bhutkar2'), (3, 'Sandeep3', 'Bhutkar3'), (4, 'Sandeep4', 'Bhutkar4'), (5, 'Sandeep5', ''))</msg>
<status status="PASS" starttime="20200510 19:37:35.962" endtime="20200510 19:37:35.992"></status>
</kw>
<kw name="Log Many" library="BuiltIn">
<doc>Logs the given messages as separate entries using the INFO level.</doc>
<arguments>
<arg>${result}</arg>
</arguments>
<msg timestamp="20200510 19:37:35.993" level="INFO">((1, 'Sandeep', 'Bhutkar'), (2, 'Sandeep2', 'Bhutkar2'), (3, 'Sandeep3', 'Bhutkar3'), (4, 'Sandeep4', 'Bhutkar4'), (5, 'Sandeep5', ''))</msg>
<status status="PASS" starttime="20200510 19:37:35.992" endtime="20200510 19:37:35.994"></status>
</kw>
<tags>
<tag>run</tag>
</tags>
<status status="PASS" starttime="20200510 19:37:35.961" endtime="20200510 19:37:35.995" critical="yes"></status>
</test>
<kw name="Disconnect From Database" library="DatabaseLibrary" type="teardown">
<doc>Disconnects from the database.</doc>
<msg timestamp="20200510 19:37:35.998" level="INFO">Executing : Disconnect From Database</msg>
<status status="PASS" starttime="20200510 19:37:35.997" endtime="20200510 19:37:35.998"></status>
</kw>
<status status="PASS" starttime="20200510 19:37:35.766" endtime="20200510 19:37:35.998"></status>
</suite>
<statistics>
<total>
<stat pass="1" fail="0">Critical Tests</stat>
<stat pass="1" fail="0">All Tests</stat>
</total>
<tag>
<stat pass="1" fail="0">run</stat>
</tag>
<suite>
<stat pass="1" fail="0" id="s1" name="Databasetesting">Databasetesting</stat>
</suite>
</statistics>
<errors>
<msg timestamp="20200510 19:37:35.744" level="WARN">Collapsing consecutive whitespace during parsing is deprecated. Fix ' Library' in file 'C:\Users\san\PycharmProjects\Assessment\tests\databasetesting.robot' on line 2.</msg>
</errors>
</robot>
