<?xml version="1.0" encoding="UTF-8"?>
<robot generator="Robot 3.1.2 (Python 3.7.4 on win32)" generated="20200716 14:32:49.773" rpa="false">
<suite id="s1" name="1 Login" source="C:\Users\san\PycharmProjects\RobotFrameworkSelenium\Tests\1_Login.robot">
<test id="s1-t1" name="TC001: Login to Demo Site">
<kw name="Open Browser" library="SeleniumLibrary">
<doc>Opens a new browser instance to the optional ``url``.</doc>
<arguments>
<arg>${url}</arg>
<arg>${browser}</arg>
</arguments>
<msg timestamp="20200716 14:32:50.879" level="INFO">Opening browser 'chrome' to base url 'https://demo.nopcommerce.com/'.</msg>
<status status="PASS" starttime="20200716 14:32:50.879" endtime="20200716 14:32:57.581"></status>
</kw>
<kw name="Login">
<kw name="Maximize Browser Window" library="SeleniumLibrary">
<doc>Maximizes current browser window.</doc>
<status status="PASS" starttime="20200716 14:32:57.582" endtime="20200716 14:32:58.791"></status>
</kw>
<kw name="Page Should Contain Image" library="SeleniumLibrary">
<doc>Verifies image identified by ``locator`` is found from current page.</doc>
<arguments>
<arg>xpath://div[@class='header-logo']//a//img</arg>
</arguments>
<msg timestamp="20200716 14:32:58.851" level="INFO">Current page contains image 'xpath://div[@class='header-logo']//a//img'.</msg>
<status status="PASS" starttime="20200716 14:32:58.791" endtime="20200716 14:32:58.851"></status>
</kw>
<kw name="Click Link" library="SeleniumLibrary">
<doc>Clicks a link identified by ``locator``.</doc>
<arguments>
<arg>xpath://a[@class='ico-login']</arg>
</arguments>
<msg timestamp="20200716 14:32:58.851" level="INFO">Clicking link 'xpath://a[@class='ico-login']'.</msg>
<status status="PASS" starttime="20200716 14:32:58.851" endtime="20200716 14:33:01.163"></status>
</kw>
<kw name="Input Text" library="SeleniumLibrary">
<doc>Types the given ``text`` into the text field identified by ``locator``.</doc>
<arguments>
<arg>name=Email</arg>
<arg>sandeep.bhutkar@gmail.com</arg>
</arguments>
<msg timestamp="20200716 14:33:01.164" level="INFO">Typing text 'sandeep.bhutkar@gmail.com' into text field 'name=Email'.</msg>
<status status="PASS" starttime="20200716 14:33:01.164" endtime="20200716 14:33:01.759"></status>
</kw>
<kw name="Input Text" library="SeleniumLibrary">
<doc>Types the given ``text`` into the text field identified by ``locator``.</doc>
<arguments>
<arg>id=Password</arg>
<arg>aikon58n</arg>
</arguments>
<msg timestamp="20200716 14:33:01.760" level="INFO">Typing text 'aikon58n' into text field 'id=Password'.</msg>
<status status="PASS" starttime="20200716 14:33:01.759" endtime="20200716 14:33:01.962"></status>
</kw>
<kw name="Click Element" library="SeleniumLibrary">
<doc>Click the element identified by ``locator``.</doc>
<arguments>
<arg>xpath://input[@class='button-1 login-button']</arg>
</arguments>
<msg timestamp="20200716 14:33:01.963" level="INFO">Clicking element 'xpath://input[@class='button-1 login-button']'.</msg>
<status status="PASS" starttime="20200716 14:33:01.963" endtime="20200716 14:33:03.983"></status>
</kw>
<status status="PASS" starttime="20200716 14:32:57.581" endtime="20200716 14:33:03.984"></status>
</kw>
<kw name="Close Browser" library="SeleniumLibrary">
<doc>Closes the current browser.</doc>
<status status="PASS" starttime="20200716 14:33:03.985" endtime="20200716 14:33:07.405"></status>
</kw>
<status status="PASS" starttime="20200716 14:32:50.879" endtime="20200716 14:33:07.405" critical="yes"></status>
</test>
<status status="PASS" starttime="20200716 14:32:49.773" endtime="20200716 14:33:07.405"></status>
</suite>
<statistics>
<total>
<stat pass="1" fail="0">Critical Tests</stat>
<stat pass="1" fail="0">All Tests</stat>
</total>
<tag>
</tag>
<suite>
<stat pass="1" fail="0" id="s1" name="1 Login">1 Login</stat>
</suite>
</statistics>
<errors>
</errors>
</robot>
