<?xml version="1.0" encoding="UTF-8"?>
<robot generator="Robot 5.0.1 (Python 3.8.10 on win32)" generated="20220703 11:34:58.337" rpa="false" schemaversion="3">
<suite id="s1" name="1 Login" source="C:\Users\san\PycharmProjects\RobotFrameworkSelenium\Tests\1_Login.robot">
<test id="s1-t1" name="TC001: Login to Demo Site" line="18">
<kw name="Open Browser" library="SeleniumLibrary">
<arg>${url}</arg>
<arg>${browser}</arg>
<doc>Opens a new browser instance to the optional ``url``.</doc>
<msg timestamp="20220703 11:34:59.497" level="INFO">Opening browser 'chrome' to base url 'https://demo.nopcommerce.com/'.</msg>
<status status="PASS" starttime="20220703 11:34:59.496" endtime="20220703 11:35:12.521"/>
</kw>
<kw name="Login">
<kw name="Maximize Browser Window" library="SeleniumLibrary">
<doc>Maximizes current browser window.</doc>
<status status="PASS" starttime="20220703 11:35:12.523" endtime="20220703 11:35:12.709"/>
</kw>
<kw name="Page Should Contain Image" library="SeleniumLibrary">
<arg>xpath://div[@class='header-logo']//a//img</arg>
<doc>Verifies image identified by ``locator`` is found from current page.</doc>
<msg timestamp="20220703 11:35:12.773" level="INFO">Current page contains image 'xpath://div[@class='header-logo']//a//img'.</msg>
<status status="PASS" starttime="20220703 11:35:12.709" endtime="20220703 11:35:12.773"/>
</kw>
<kw name="Click Link" library="SeleniumLibrary">
<arg>xpath://a[@class='ico-login']</arg>
<doc>Clicks a link identified by ``locator``.</doc>
<msg timestamp="20220703 11:35:12.774" level="INFO">Clicking link 'xpath://a[@class='ico-login']'.</msg>
<status status="PASS" starttime="20220703 11:35:12.773" endtime="20220703 11:35:13.557"/>
</kw>
<kw name="Input Text" library="SeleniumLibrary">
<arg>name=Email</arg>
<arg>sandeep.bhutkar@gmail.com</arg>
<doc>Types the given ``text`` into the text field identified by ``locator``.</doc>
<msg timestamp="20220703 11:35:13.558" level="INFO">Typing text 'sandeep.bhutkar@gmail.com' into text field 'name=Email'.</msg>
<status status="PASS" starttime="20220703 11:35:13.558" endtime="20220703 11:35:13.908"/>
</kw>
<kw name="Input Text" library="SeleniumLibrary">
<arg>id=Password</arg>
<arg>aikon58n</arg>
<doc>Types the given ``text`` into the text field identified by ``locator``.</doc>
<msg timestamp="20220703 11:35:13.909" level="INFO">Typing text 'aikon58n' into text field 'id=Password'.</msg>
<status status="PASS" starttime="20220703 11:35:13.909" endtime="20220703 11:35:14.079"/>
</kw>
<kw name="Click Element" library="SeleniumLibrary">
<arg>xpath://input[@class='button-1 login-button']</arg>
<doc>Click the element identified by ``locator``.</doc>
<msg timestamp="20220703 11:35:14.080" level="INFO">Clicking element 'xpath://input[@class='button-1 login-button']'.</msg>
<msg timestamp="20220703 11:35:14.298" level="INFO" html="true">&lt;/td&gt;&lt;/tr&gt;&lt;tr&gt;&lt;td colspan="3"&gt;&lt;a href="selenium-screenshot-1.png"&gt;&lt;img src="selenium-screenshot-1.png" width="800px"&gt;&lt;/a&gt;</msg>
<msg timestamp="20220703 11:35:14.300" level="FAIL">Element with locator 'xpath://input[@class='button-1 login-button']' not found.</msg>
<status status="FAIL" starttime="20220703 11:35:14.080" endtime="20220703 11:35:14.302"/>
</kw>
<status status="FAIL" starttime="20220703 11:35:12.522" endtime="20220703 11:35:14.304"/>
</kw>
<kw name="Close Browser" library="SeleniumLibrary">
<doc>Closes the current browser.</doc>
<status status="NOT RUN" starttime="20220703 11:35:14.305" endtime="20220703 11:35:14.305"/>
</kw>
<status status="FAIL" starttime="20220703 11:34:59.495" endtime="20220703 11:35:14.306">Element with locator 'xpath://input[@class='button-1 login-button']' not found.</status>
</test>
<status status="FAIL" starttime="20220703 11:34:58.342" endtime="20220703 11:35:14.309"/>
</suite>
<statistics>
<total>
<stat pass="0" fail="1" skip="0">All Tests</stat>
</total>
<tag>
</tag>
<suite>
<stat pass="0" fail="1" skip="0" id="s1" name="1 Login">1 Login</stat>
</suite>
</statistics>
<errors>
</errors>
</robot>
