<?xml version="1.0" encoding="UTF-8"?>
<robot generator="Robot 3.1.2 (Python 3.7.4 on win32)" generated="20200619 22:18:10.074" rpa="false">
<suite id="s1" name="17 Table" source="C:\Users\san\PycharmProjects\Selenium\tests\17_Table.robot">
<test id="s1-t1" name="TC002:verify contents in table">
<kw name="Open Browser" library="SeleniumLibrary">
<doc>Opens a new browser instance to the optional ``url``.</doc>
<arguments>
<arg>http://coredogs.com/lesson/web-page-tables.html</arg>
<arg>chrome</arg>
</arguments>
<msg timestamp="20200619 22:18:10.556" level="INFO">Opening browser 'chrome' to base url 'http://coredogs.com/lesson/web-page-tables.html'.</msg>
<status status="PASS" starttime="20200619 22:18:10.555" endtime="20200619 22:18:18.379"></status>
</kw>
<kw name="Table Row Should Contain" library="SeleniumLibrary">
<doc>Verifies that table row contains text ``expected``.</doc>
<arguments>
<arg>//*[@id="node-356"]/div[2]/table</arg>
<arg>2</arg>
<arg>Kierann</arg>
</arguments>
<kw name="Capture Page Screenshot" library="SeleniumLibrary">
<doc>Takes a screenshot of the current page and embeds it into a log file.</doc>
<msg timestamp="20200619 22:18:18.919" level="INFO" html="yes">&lt;/td&gt;&lt;/tr&gt;&lt;tr&gt;&lt;td colspan="3"&gt;&lt;a href="selenium-screenshot-3.png"&gt;&lt;img src="selenium-screenshot-3.png" width="800px"&gt;&lt;/a&gt;</msg>
<status status="PASS" starttime="20200619 22:18:18.521" endtime="20200619 22:18:18.919"></status>
</kw>
<msg timestamp="20200619 22:18:18.921" level="FAIL">Table '//*[@id="node-356"]/div[2]/table' row 2 did not contain text 'Kierann'.</msg>
<status status="FAIL" starttime="20200619 22:18:18.380" endtime="20200619 22:18:18.921"></status>
</kw>
<tags>
<tag>content</tag>
</tags>
<status status="FAIL" starttime="20200619 22:18:10.554" endtime="20200619 22:18:18.921" critical="yes">Table '//*[@id="node-356"]/div[2]/table' row 2 did not contain text 'Kierann'.</status>
</test>
<status status="FAIL" starttime="20200619 22:18:10.074" endtime="20200619 22:18:18.921"></status>
</suite>
<statistics>
<total>
<stat pass="0" fail="1">Critical Tests</stat>
<stat pass="0" fail="1">All Tests</stat>
</total>
<tag>
<stat pass="0" fail="1">content</stat>
</tag>
<suite>
<stat pass="0" fail="1" id="s1" name="17 Table">17 Table</stat>
</suite>
</statistics>
<errors>
</errors>
</robot>
