<?xml version="1.0" encoding="UTF-8"?>
<robot generator="Robot 3.2.1 (Python 3.8.3 on win32)" generated="20200730 12:14:14.007" rpa="false">
<suite id="s1" name="Test" source="C:\Users\sbhutkar\PycharmProjects\pythonProject\API Automation\Test">
<suite id="s1-s1" name="TC1 GET Request" source="C:\Users\sbhutkar\PycharmProjects\pythonProject\API Automation\Test\TC1_GET_Request.robot">
<test id="s1-s1-t1" name="TC001:GET REQUEST">
<kw name="Create Session" library="RequestsLibrary">
<doc>Create Session: create a HTTP session to a server</doc>
<arguments>
<arg>myssion</arg>
<arg>https://reqres.in</arg>
</arguments>
<msg timestamp="20200730 12:14:14.793" level="INFO">Creating Session using : alias=myssion, url=https://reqres.in, headers={},                     cookies={}, auth=None, timeout=None, proxies=None, verify=False,                     debug=0 </msg>
<status status="PASS" starttime="20200730 12:14:14.793" endtime="20200730 12:14:14.793"></status>
</kw>
<kw name="Get Request" library="RequestsLibrary">
<doc>Send a GET request on the session object found using the
given `alias`</doc>
<arguments>
<arg>myssion</arg>
<arg>/api/users/2</arg>
</arguments>
<assign>
<var>${response}</var>
</assign>
<msg timestamp="20200730 12:14:15.230" level="INFO">GET Request : url=https://reqres.in/api/users/2 
 path_url=/api/users/2 
 headers={'User-Agent': 'python-requests/2.24.0', 'Accept-Encoding': 'gzip, deflate', 'Accept': '*/*', 'Connection': 'keep-alive'} 
 body=None 
 </msg>
<msg timestamp="20200730 12:14:15.230" level="INFO">GET Response : url=https://reqres.in/api/users/2 
 status=200, reason=OK 
 body={"data":{"id":2,"email":"janet.weaver@reqres.in","first_name":"Janet","last_name":"Weaver","avatar":"https://s3.amazonaws.com/uifaces/faces/twitter/josephstein/128.jpg"},"ad":{"company":"StatusCode Weekly","url":"http://statuscode.org/","text":"A weekly newsletter focusing on software development, infrastructure, the server, performance, and the stack end of things."}} 
 </msg>
<msg timestamp="20200730 12:14:15.231" level="INFO">c:\users\sbhutkar\pycharmprojects\pythonproject\venv\lib\site-packages\urllib3\connectionpool.py:981: InsecureRequestWarning: Unverified HTTPS request is being made to host 'reqres.in'. Adding certificate verification is strongly advised. See: https://urllib3.readthedocs.io/en/latest/advanced-usage.html#ssl-warnings
  warnings.warn(</msg>
<msg timestamp="20200730 12:14:15.231" level="INFO">${response} = &lt;Response [200]&gt;</msg>
<status status="PASS" starttime="20200730 12:14:14.793" endtime="20200730 12:14:15.231"></status>
</kw>
<kw name="Log To Console" library="BuiltIn">
<doc>Logs the given message to the console.</doc>
<arguments>
<arg>${response.status_code}</arg>
</arguments>
<status status="PASS" starttime="20200730 12:14:15.232" endtime="20200730 12:14:15.233"></status>
</kw>
<kw name="Log To Console" library="BuiltIn">
<doc>Logs the given message to the console.</doc>
<arguments>
<arg>${response.content}</arg>
</arguments>
<status status="PASS" starttime="20200730 12:14:15.233" endtime="20200730 12:14:15.234"></status>
</kw>
<kw name="Convert To String" library="BuiltIn">
<doc>Converts the given item to a Unicode string.</doc>
<arguments>
<arg>${response.status_code}</arg>
</arguments>
<assign>
<var>${Status}</var>
</assign>
<msg timestamp="20200730 12:14:15.235" level="INFO">${Status} = 200</msg>
<status status="PASS" starttime="20200730 12:14:15.235" endtime="20200730 12:14:15.235"></status>
</kw>
<kw name="Should Be Equal" library="BuiltIn">
<doc>Fails if the given objects are unequal.</doc>
<arguments>
<arg>${Status}</arg>
<arg>200</arg>
</arguments>
<status status="PASS" starttime="20200730 12:14:15.236" endtime="20200730 12:14:15.236"></status>
</kw>
<kw name="Convert To String" library="BuiltIn">
<doc>Converts the given item to a Unicode string.</doc>
<arguments>
<arg>${response.content}</arg>
</arguments>
<assign>
<var>${Body}</var>
</assign>
<msg timestamp="20200730 12:14:15.237" level="INFO">${Body} = {"data":{"id":2,"email":"janet.weaver@reqres.in","first_name":"Janet","last_name":"Weaver","avatar":"https://s3.amazonaws.com/uifaces/faces/twitter/josephstein/128.jpg"},"ad":{"company":"StatusCode We...</msg>
<status status="PASS" starttime="20200730 12:14:15.237" endtime="20200730 12:14:15.237"></status>
</kw>
<kw name="Should Contain" library="BuiltIn">
<doc>Fails if ``container`` does not contain ``item`` one or more times.</doc>
<arguments>
<arg>${Body}</arg>
<arg>janet.weaver@reqres.in</arg>
</arguments>
<status status="PASS" starttime="20200730 12:14:15.238" endtime="20200730 12:14:15.238"></status>
</kw>
<status status="PASS" starttime="20200730 12:14:14.793" endtime="20200730 12:14:15.239" critical="yes"></status>
</test>
<status status="PASS" starttime="20200730 12:14:14.107" endtime="20200730 12:14:15.241"></status>
</suite>
<status status="PASS" starttime="20200730 12:14:14.007" endtime="20200730 12:14:15.243"></status>
</suite>
<statistics>
<total>
<stat pass="1" fail="0">Critical Tests</stat>
<stat pass="1" fail="0">All Tests</stat>
</total>
<tag>
</tag>
<suite>
<stat pass="1" fail="0" id="s1" name="Test">Test</stat>
<stat pass="1" fail="0" id="s1-s1" name="TC1 GET Request">Test.TC1 GET Request</stat>
</suite>
</statistics>
<errors>
</errors>
</robot>
