<?xml version="1.0" encoding="UTF-8"?>
<robot generator="Robot 3.1.2 (Python 3.7.4 on win32)" generated="20200530 18:23:42.296" rpa="false">
<suite id="s1" name="Scaler Variables" source="C:\Users\san\PycharmProjects\Variables\test\scaler_variables.robot">
<test id="s1-t1" name="TC001 Variable demonstration 1">
<kw name="Log" library="BuiltIn">
<doc>Logs the given message with the given level.</doc>
<arguments>
<arg>${my_variable}</arg>
</arguments>
<msg timestamp="20200530 18:23:42.356" level="INFO">Hello World</msg>
<status status="PASS" starttime="20200530 18:23:42.356" endtime="20200530 18:23:42.356"></status>
</kw>
<status status="PASS" starttime="20200530 18:23:42.356" endtime="20200530 18:23:42.356" critical="yes"></status>
</test>
<test id="s1-t2" name="TC002 Variable Local">
<kw name="Set Variable" library="BuiltIn">
<doc>Returns the given values which can then be assigned to a variables.</doc>
<arguments>
<arg>hellow</arg>
</arguments>
<assign>
<var>${local variable}</var>
</assign>
<msg timestamp="20200530 18:23:42.356" level="INFO">${local variable} = hellow</msg>
<status status="PASS" starttime="20200530 18:23:42.356" endtime="20200530 18:23:42.356"></status>
</kw>
<kw name="Log To Console" library="BuiltIn">
<doc>Logs the given message to the console.</doc>
<arguments>
<arg>${local variable}</arg>
</arguments>
<status status="PASS" starttime="20200530 18:23:42.356" endtime="20200530 18:23:42.356"></status>
</kw>
<tags>
<tag>local</tag>
</tags>
<status status="PASS" starttime="20200530 18:23:42.356" endtime="20200530 18:23:42.356" critical="yes"></status>
</test>
<status status="PASS" starttime="20200530 18:23:42.296" endtime="20200530 18:23:42.366"></status>
</suite>
<statistics>
<total>
<stat pass="2" fail="0">Critical Tests</stat>
<stat pass="2" fail="0">All Tests</stat>
</total>
<tag>
<stat pass="1" fail="0">local</stat>
</tag>
<suite>
<stat pass="2" fail="0" id="s1" name="Scaler Variables">Scaler Variables</stat>
</suite>
</statistics>
<errors>
</errors>
</robot>
