<?xml version="1.0" encoding="UTF-8"?>
<robot generator="Robot 3.1.2 (Python 3.7.4 on win32)" generated="20200503 12:14:03.586" rpa="false">
<suite id="s1" name="Title" source="C:\Users\san\PycharmProjects\Variables\test\title.robot">
<test id="s1-t1" name="catch title">
<kw name="Open Browser" library="SeleniumLibrary">
<doc>Opens a new browser instance to the optional ``url``.</doc>
<arguments>
<arg>https://www.google.com</arg>
<arg>chrome</arg>
</arguments>
<msg timestamp="20200503 12:14:04.050" level="INFO">Opening browser 'chrome' to base url 'https://www.google.com'.</msg>
<status status="PASS" starttime="20200503 12:14:04.050" endtime="20200503 12:14:09.253"></status>
</kw>
<kw name="Maximize Browser Window" library="SeleniumLibrary">
<doc>Maximizes current browser window.</doc>
<status status="PASS" starttime="20200503 12:14:09.254" endtime="20200503 12:14:10.435"></status>
</kw>
<kw name="Sleep" library="BuiltIn">
<doc>Pauses the test executed for the given time.</doc>
<arguments>
<arg>5</arg>
</arguments>
<msg timestamp="20200503 12:14:15.444" level="INFO">Slept 5 seconds</msg>
<status status="PASS" starttime="20200503 12:14:10.435" endtime="20200503 12:14:15.444"></status>
</kw>
<kw name="Get Title" library="SeleniumLibrary">
<doc>Returns the title of the current page.</doc>
<assign>
<var>${get_title}</var>
</assign>
<msg timestamp="20200503 12:14:15.464" level="INFO">${get_title} = Google</msg>
<status status="PASS" starttime="20200503 12:14:15.444" endtime="20200503 12:14:15.464"></status>
</kw>
<kw name="Log To Console" library="BuiltIn">
<doc>Logs the given message to the console.</doc>
<arguments>
<arg>${get_title}</arg>
</arguments>
<status status="PASS" starttime="20200503 12:14:15.464" endtime="20200503 12:14:15.464"></status>
</kw>
<kw name="Close Browser" library="SeleniumLibrary">
<doc>Closes the current browser.</doc>
<status status="PASS" starttime="20200503 12:14:15.464" endtime="20200503 12:14:17.655"></status>
</kw>
<status status="PASS" starttime="20200503 12:14:04.040" endtime="20200503 12:14:17.655" critical="yes"></status>
</test>
<status status="PASS" starttime="20200503 12:14:03.596" endtime="20200503 12:14:17.655"></status>
</suite>
<statistics>
<total>
<stat pass="1" fail="0">Critical Tests</stat>
<stat pass="1" fail="0">All Tests</stat>
</total>
<tag>
</tag>
<suite>
<stat pass="1" fail="0" id="s1" name="Title">Title</stat>
</suite>
</statistics>
<errors>
</errors>
</robot>
