<?xml version="1.0" encoding="UTF-8"?>
<robot generator="Robot 3.2.1 (Python 3.8.3 on win32)" generated="20200811 19:00:48.702" rpa="false">
<suite id="s1" name="BDD TEST" source="C:\Users\sbhutkar\PycharmProjects\pythonProject\BDD-robotFramework-master\Tests\BDD_TEST.robot">
<test id="s1-t1" name="Login to facebook with invalid credential">
<kw name="Given Facebook is open">
<kw name="Open Browser" library="SeleniumLibrary">
<doc>Opens a new browser instance to the optional ``url``.</doc>
<arguments>
<arg>${URL}</arg>
<arg>${BROWSER}</arg>
</arguments>
<msg timestamp="20200811 19:00:49.189" level="INFO">Opening browser 'chrome' to base url 'https://www.facebook.com/'.</msg>
<status status="PASS" starttime="20200811 19:00:49.189" endtime="20200811 19:00:54.433"></status>
</kw>
<status status="PASS" starttime="20200811 19:00:49.189" endtime="20200811 19:00:54.433"></status>
</kw>
<kw name="When User inputs userID and password">
<kw name="Input Text" library="SeleniumLibrary">
<doc>Types the given ``text`` into the text field identified by ``locator``.</doc>
<arguments>
<arg>name:email</arg>
<arg>${email}</arg>
</arguments>
<msg timestamp="20200811 19:00:54.434" level="INFO">Typing text 'abc@xyz.com' into text field 'name:email'.</msg>
<status status="PASS" starttime="20200811 19:00:54.434" endtime="20200811 19:00:54.556"></status>
</kw>
<kw name="Input Text" library="SeleniumLibrary">
<doc>Types the given ``text`` into the text field identified by ``locator``.</doc>
<arguments>
<arg>id:pass</arg>
<arg>${pwd}</arg>
</arguments>
<msg timestamp="20200811 19:00:54.556" level="INFO">Typing text 'password' into text field 'id:pass'.</msg>
<status status="PASS" starttime="20200811 19:00:54.556" endtime="20200811 19:00:54.721"></status>
</kw>
<kw name="Click Button" library="SeleniumLibrary">
<doc>Clicks the button identified by ``locator``.</doc>
<arguments>
<arg>//input[@type='submit']</arg>
</arguments>
<msg timestamp="20200811 19:00:54.722" level="INFO">Clicking button '//input[@type='submit']'.</msg>
<status status="PASS" starttime="20200811 19:00:54.722" endtime="20200811 19:00:54.792"></status>
</kw>
<status status="PASS" starttime="20200811 19:00:54.434" endtime="20200811 19:00:54.792"></status>
</kw>
<kw name="Then user should be denied login">
<kw name="Close Browser" library="SeleniumLibrary">
<doc>Closes the current browser.</doc>
<status status="PASS" starttime="20200811 19:00:54.793" endtime="20200811 19:00:57.115"></status>
</kw>
<status status="PASS" starttime="20200811 19:00:54.793" endtime="20200811 19:00:57.115"></status>
</kw>
<status status="PASS" starttime="20200811 19:00:49.189" endtime="20200811 19:00:57.115" critical="yes"></status>
</test>
<status status="PASS" starttime="20200811 19:00:48.712" endtime="20200811 19:00:57.115"></status>
</suite>
<statistics>
<total>
<stat pass="1" fail="0">Critical Tests</stat>
<stat pass="1" fail="0">All Tests</stat>
</total>
<tag>
</tag>
<suite>
<stat pass="1" fail="0" id="s1" name="BDD TEST">BDD TEST</stat>
</suite>
</statistics>
<errors>
</errors>
</robot>
